2025-03-18 22:08:32,046 - User 1473396937 (None): hello
2025-03-18 22:08:46,759 - Bot to 1473396937: Welcome to our conversation! It's great to be speaking with you for the first time today. How can I ...
2025-03-18 22:09:22,741 - User 1473396937 (None): can you remember me in 10 minutes from now to brush my teeth?
2025-03-18 22:10:07,708 - Bot to 1473396937: Of course! I'd be happy to help. I can remind you in 10 minutes to brush your teeth if you'd like. J...
2025-03-18 22:16:08,464 - Bot started successfully
2025-03-18 22:16:50,222 - User 1720592375 (None): Can you remind me to put my toothbrush in my backpack in 1 minute
2025-03-18 22:16:51,317 - Bot to 1720592375: ✅ I'll remind you to put my toothbrush in my backpack in 1 minute....
2025-03-18 22:20:24,673 - User 1720592375 (None): Remind me to out my toothbrush in my backpack tomorrow at 7 a.m
2025-03-18 22:20:25,793 - Bot to 1720592375: ✅ I'll remind you to Reminder in 12:00 PM....
2025-03-18 22:20:52,876 - User 1720592375 (None): Remove this reminder
2025-03-18 22:20:53,975 - Bot to 1720592375: I couldn't determine when to set your reminder. Could you please specify a time? For example, 'Remin...
2025-03-18 22:21:10,142 - User 1720592375 (None): At 7am
2025-03-18 22:22:55,369 - Bot to 1720592375: Of course, I'd be happy to help! You asked me to remind you to put your toothbrush in your backpack ...
2025-03-18 22:23:18,208 - User 1720592375 (None): Yes
2025-03-18 22:26:29,167 - Bot to 1720592375: Of course! I'll remind you to put your toothbrush in your backpack at 7am tomorrow. Is there anythin...
2025-03-18 22:26:52,682 - User 1720592375 (None): Tell me in beautiful in 1 minute
2025-03-18 22:31:52,892 - Bot to 1720592375: Of course, I'd be happy to help! You asked me to remind you to put your toothbrush in your backpack ...
2025-03-18 22:39:00,306 - Bot started successfully
2025-03-18 22:40:52,506 - User 1720592375 (None): Tell me "you are beautiful" every 2 minutes
2025-03-18 22:45:53,724 - Bot to 1720592375: I encountered a problem while processing your request. Let me try again or please rephrase your ques...
2025-03-18 22:54:17,208 - Bot started successfully
2025-03-18 23:04:57,547 - Bot started successfully
2025-03-18 23:05:32,805 - Bot started successfully
2025-03-18 23:11:20,546 - User 1473396937 (None): hey there
2025-03-18 23:15:04,330 - Bot to 1473396937: Hi there! *adjusts glasses* It's great to be speaking with you again today. How can I assist you? Do...
2025-03-18 23:48:31,472 - Bot started successfully
2025-03-18 23:48:31,497 - User 1473396937 (None): lennyhh
2025-03-19 00:42:40,400 - Bot started successfully
2025-03-19 00:42:56,364 - Bot started successfully
2025-03-19 00:43:27,677 - User 1473396937 (None): Can you remind me to study for Wiss Arbeiten later?
2025-03-19 00:43:34,480 - Bot to 1473396937: I couldn't determine when to set your reminder. Could you please specify a time? For example, 'Remin...
2025-03-19 00:43:44,153 - User 1473396937 (None): in 10 minutes
2025-03-19 00:46:46,037 - Bot to 1473396937: Of course! I'd be happy to remind you in 10 minutes to study for Wiss Arbeiten. Just let me know whe...
2025-03-19 01:12:12,459 - Bot started successfully
